<?xml version="1.0" encoding="UTF-8"?>
<testsuites name="LoginTestData" time="62.167" tests="7" failures="0" errors="0">
   <testsuite name="LoginTestData" tests="7" failures="0" errors="0" time="62.167" skipped="0" timestamp="26-03-2024T23:16:38" hostname="Administrator - Admin" id="Test Suites/LoginTestData">
      <properties>
         <property name="deviceName" value=""/>
         <property name="devicePlatform" value=""/>
         <property name="logFolder" value="C:\\Users\\Administrator\\git\\DataDriven\\Reports\\20240326_231625\\LoginTestData\\20240326_231625"/>
         <property name="logFiles" value="C:\\Users\\Administrator\\git\\DataDriven\\Reports\\20240326_231625\\LoginTestData\\20240326_231625\\execution0.log"/>
         <property name="attachments" value=""/>
         <property name="hostName" value="Administrator - Admin"/>
         <property name="os" value="Windows 10 64bit"/>
         <property name="katalonVersion" value="9.3.1.212"/>
         <property name="browser" value="Chrome 123.0.0.0"/>
         <property name="hostAddress" value="192.168.1.9"/>
         <property name="sessionId" value="3894e1fac0b873eda8a3276572be0e32"/>
         <property name="seleniumVersion" value="3.141.59"/>
         <property name="proxyInformation" value="ProxyInformation { proxyOption=NO_PROXY, proxyServerType=HTTP, username=, password=********, proxyServerAddress=, proxyServerPort=0, executionList=&quot;&quot;, isApplyToDesiredCapabilities=true }"/>
         <property name="platform" value="Windows 10"/>
      </properties>
      <testcase name="Test Cases/Login" time="14.403" classname="Test Cases/Login" status="PASSED">
         <system-out><![CDATA[26-03-2024T23:16:39 - [TEST_CASE][PASSED] - Test Cases/Login: Test Cases/Login

26-03-2024T23:16:40 - [TEST_STEP][PASSED] - openBrowser(""): Browser is opened with url: ''

26-03-2024T23:16:41 - [MESSAGE][INFO] - Starting 'Chrome' driver

26-03-2024T23:16:41 - [MESSAGE][INFO] - Action delay is set to 0 milliseconds

26-03-2024T23:16:45 - [MESSAGE][PASSED] - Browser is opened with url: ''

26-03-2024T23:16:45 - [TEST_STEP][PASSED] - navigateToUrl("https://www.saucedemo.com/"): Navigate to 'https://www.saucedemo.com/' successfully

26-03-2024T23:16:49 - [MESSAGE][PASSED] - Navigate to 'https://www.saucedemo.com/' successfully

26-03-2024T23:16:49 - [TEST_STEP][PASSED] - setText(findTestObject("Object Repository/Page_Swag Labs/input_Swag Labs_user-name"), username): Text '' is set on object 'Object Repository/Page_Swag Labs/input_Swag Labs_user-name'

26-03-2024T23:16:51 - [MESSAGE][PASSED] - Text '' is set on object 'Object Repository/Page_Swag Labs/input_Swag Labs_user-name'

26-03-2024T23:16:51 - [TEST_STEP][PASSED] - setText(findTestObject("Object Repository/Page_Swag Labs/input_Swag Labs_password"), password): Text 'secret_sauce' is set on object 'Object Repository/Page_Swag Labs/input_Swag Labs_password'

26-03-2024T23:16:52 - [MESSAGE][PASSED] - Text 'secret_sauce' is set on object 'Object Repository/Page_Swag Labs/input_Swag Labs_password'

26-03-2024T23:16:52 - [TEST_STEP][PASSED] - click(findTestObject("Object Repository/Page_Swag Labs/input_Swag Labs_login-button")): Object: 'Object Repository/Page_Swag Labs/input_Swag Labs_login-button' is clicked on

26-03-2024T23:16:53 - [MESSAGE][PASSED] - Object: 'Object Repository/Page_Swag Labs/input_Swag Labs_login-button' is clicked on

26-03-2024T23:16:53 - [TEST_STEP][PASSED] - closeBrowser(): Browser is closed

26-03-2024T23:16:54 - [MESSAGE][PASSED] - Browser is closed]]></system-out>
         <system-err><![CDATA[]]></system-err>
      </testcase>
      <testcase name="Test Cases/Login" time="7.389" classname="Test Cases/Login" status="PASSED">
         <system-out><![CDATA[26-03-2024T23:16:54 - [TEST_CASE][PASSED] - Test Cases/Login: Test Cases/Login

26-03-2024T23:16:54 - [TEST_STEP][PASSED] - openBrowser(""): Browser is opened with url: ''

26-03-2024T23:16:54 - [MESSAGE][INFO] - Starting 'Chrome' driver

26-03-2024T23:16:54 - [MESSAGE][INFO] - Action delay is set to 0 milliseconds

26-03-2024T23:16:56 - [MESSAGE][PASSED] - Browser is opened with url: ''

26-03-2024T23:16:56 - [TEST_STEP][PASSED] - navigateToUrl("https://www.saucedemo.com/"): Navigate to 'https://www.saucedemo.com/' successfully

26-03-2024T23:16:57 - [MESSAGE][PASSED] - Navigate to 'https://www.saucedemo.com/' successfully

26-03-2024T23:16:57 - [TEST_STEP][PASSED] - setText(findTestObject("Object Repository/Page_Swag Labs/input_Swag Labs_user-name"), username): Text 'standard_user' is set on object 'Object Repository/Page_Swag Labs/input_Swag Labs_user-name'

26-03-2024T23:16:59 - [MESSAGE][PASSED] - Text 'standard_user' is set on object 'Object Repository/Page_Swag Labs/input_Swag Labs_user-name'

26-03-2024T23:16:59 - [TEST_STEP][PASSED] - setText(findTestObject("Object Repository/Page_Swag Labs/input_Swag Labs_password"), password): Text '' is set on object 'Object Repository/Page_Swag Labs/input_Swag Labs_password'

26-03-2024T23:17:00 - [MESSAGE][PASSED] - Text '' is set on object 'Object Repository/Page_Swag Labs/input_Swag Labs_password'

26-03-2024T23:17:00 - [TEST_STEP][PASSED] - click(findTestObject("Object Repository/Page_Swag Labs/input_Swag Labs_login-button")): Object: 'Object Repository/Page_Swag Labs/input_Swag Labs_login-button' is clicked on

26-03-2024T23:17:01 - [MESSAGE][PASSED] - Object: 'Object Repository/Page_Swag Labs/input_Swag Labs_login-button' is clicked on

26-03-2024T23:17:01 - [TEST_STEP][PASSED] - closeBrowser(): Browser is closed

26-03-2024T23:17:01 - [MESSAGE][PASSED] - Browser is closed]]></system-out>
         <system-err><![CDATA[]]></system-err>
      </testcase>
      <testcase name="Test Cases/Login" time="11.397" classname="Test Cases/Login" status="PASSED">
         <system-out><![CDATA[26-03-2024T23:17:01 - [TEST_CASE][PASSED] - Test Cases/Login: Test Cases/Login

26-03-2024T23:17:02 - [TEST_STEP][PASSED] - openBrowser(""): Browser is opened with url: ''

26-03-2024T23:17:02 - [MESSAGE][INFO] - Starting 'Chrome' driver

26-03-2024T23:17:02 - [MESSAGE][INFO] - Action delay is set to 0 milliseconds

26-03-2024T23:17:05 - [MESSAGE][PASSED] - Browser is opened with url: ''

26-03-2024T23:17:05 - [TEST_STEP][PASSED] - navigateToUrl("https://www.saucedemo.com/"): Navigate to 'https://www.saucedemo.com/' successfully

26-03-2024T23:17:08 - [MESSAGE][PASSED] - Navigate to 'https://www.saucedemo.com/' successfully

26-03-2024T23:17:08 - [TEST_STEP][PASSED] - setText(findTestObject("Object Repository/Page_Swag Labs/input_Swag Labs_user-name"), username): Text '' is set on object 'Object Repository/Page_Swag Labs/input_Swag Labs_user-name'

26-03-2024T23:17:11 - [MESSAGE][PASSED] - Text '' is set on object 'Object Repository/Page_Swag Labs/input_Swag Labs_user-name'

26-03-2024T23:17:11 - [TEST_STEP][PASSED] - setText(findTestObject("Object Repository/Page_Swag Labs/input_Swag Labs_password"), password): Text '' is set on object 'Object Repository/Page_Swag Labs/input_Swag Labs_password'

26-03-2024T23:17:12 - [MESSAGE][PASSED] - Text '' is set on object 'Object Repository/Page_Swag Labs/input_Swag Labs_password'

26-03-2024T23:17:12 - [TEST_STEP][PASSED] - click(findTestObject("Object Repository/Page_Swag Labs/input_Swag Labs_login-button")): Object: 'Object Repository/Page_Swag Labs/input_Swag Labs_login-button' is clicked on

26-03-2024T23:17:12 - [MESSAGE][PASSED] - Object: 'Object Repository/Page_Swag Labs/input_Swag Labs_login-button' is clicked on

26-03-2024T23:17:12 - [TEST_STEP][PASSED] - closeBrowser(): Browser is closed

26-03-2024T23:17:13 - [MESSAGE][PASSED] - Browser is closed]]></system-out>
         <system-err><![CDATA[]]></system-err>
      </testcase>
      <testcase name="Test Cases/Login" time="6.906" classname="Test Cases/Login" status="PASSED">
         <system-out><![CDATA[26-03-2024T23:17:13 - [TEST_CASE][PASSED] - Test Cases/Login: Test Cases/Login

26-03-2024T23:17:13 - [TEST_STEP][PASSED] - openBrowser(""): Browser is opened with url: ''

26-03-2024T23:17:13 - [MESSAGE][INFO] - Starting 'Chrome' driver

26-03-2024T23:17:13 - [MESSAGE][INFO] - Action delay is set to 0 milliseconds

26-03-2024T23:17:15 - [MESSAGE][PASSED] - Browser is opened with url: ''

26-03-2024T23:17:15 - [TEST_STEP][PASSED] - navigateToUrl("https://www.saucedemo.com/"): Navigate to 'https://www.saucedemo.com/' successfully

26-03-2024T23:17:16 - [MESSAGE][PASSED] - Navigate to 'https://www.saucedemo.com/' successfully

26-03-2024T23:17:16 - [TEST_STEP][PASSED] - setText(findTestObject("Object Repository/Page_Swag Labs/input_Swag Labs_user-name"), username): Text 'standard_userr' is set on object 'Object Repository/Page_Swag Labs/input_Swag Labs_user-name'

26-03-2024T23:17:18 - [MESSAGE][PASSED] - Text 'standard_userr' is set on object 'Object Repository/Page_Swag Labs/input_Swag Labs_user-name'

26-03-2024T23:17:18 - [TEST_STEP][PASSED] - setText(findTestObject("Object Repository/Page_Swag Labs/input_Swag Labs_password"), password): Text 'secret_sauce' is set on object 'Object Repository/Page_Swag Labs/input_Swag Labs_password'

26-03-2024T23:17:19 - [MESSAGE][PASSED] - Text 'secret_sauce' is set on object 'Object Repository/Page_Swag Labs/input_Swag Labs_password'

26-03-2024T23:17:19 - [TEST_STEP][PASSED] - click(findTestObject("Object Repository/Page_Swag Labs/input_Swag Labs_login-button")): Object: 'Object Repository/Page_Swag Labs/input_Swag Labs_login-button' is clicked on

26-03-2024T23:17:19 - [MESSAGE][PASSED] - Object: 'Object Repository/Page_Swag Labs/input_Swag Labs_login-button' is clicked on

26-03-2024T23:17:19 - [TEST_STEP][PASSED] - closeBrowser(): Browser is closed

26-03-2024T23:17:20 - [MESSAGE][PASSED] - Browser is closed]]></system-out>
         <system-err><![CDATA[]]></system-err>
      </testcase>
      <testcase name="Test Cases/Login" time="6.559" classname="Test Cases/Login" status="PASSED">
         <system-out><![CDATA[26-03-2024T23:17:20 - [TEST_CASE][PASSED] - Test Cases/Login: Test Cases/Login

26-03-2024T23:17:20 - [TEST_STEP][PASSED] - openBrowser(""): Browser is opened with url: ''

26-03-2024T23:17:20 - [MESSAGE][INFO] - Starting 'Chrome' driver

26-03-2024T23:17:20 - [MESSAGE][INFO] - Action delay is set to 0 milliseconds

26-03-2024T23:17:21 - [MESSAGE][PASSED] - Browser is opened with url: ''

26-03-2024T23:17:21 - [TEST_STEP][PASSED] - navigateToUrl("https://www.saucedemo.com/"): Navigate to 'https://www.saucedemo.com/' successfully

26-03-2024T23:17:22 - [MESSAGE][PASSED] - Navigate to 'https://www.saucedemo.com/' successfully

26-03-2024T23:17:23 - [TEST_STEP][PASSED] - setText(findTestObject("Object Repository/Page_Swag Labs/input_Swag Labs_user-name"), username): Text 'standard_user' is set on object 'Object Repository/Page_Swag Labs/input_Swag Labs_user-name'

26-03-2024T23:17:25 - [MESSAGE][PASSED] - Text 'standard_user' is set on object 'Object Repository/Page_Swag Labs/input_Swag Labs_user-name'

26-03-2024T23:17:25 - [TEST_STEP][PASSED] - setText(findTestObject("Object Repository/Page_Swag Labs/input_Swag Labs_password"), password): Text 'secret_saucee' is set on object 'Object Repository/Page_Swag Labs/input_Swag Labs_password'

26-03-2024T23:17:26 - [MESSAGE][PASSED] - Text 'secret_saucee' is set on object 'Object Repository/Page_Swag Labs/input_Swag Labs_password'

26-03-2024T23:17:26 - [TEST_STEP][PASSED] - click(findTestObject("Object Repository/Page_Swag Labs/input_Swag Labs_login-button")): Object: 'Object Repository/Page_Swag Labs/input_Swag Labs_login-button' is clicked on

26-03-2024T23:17:26 - [MESSAGE][PASSED] - Object: 'Object Repository/Page_Swag Labs/input_Swag Labs_login-button' is clicked on

26-03-2024T23:17:26 - [TEST_STEP][PASSED] - closeBrowser(): Browser is closed

26-03-2024T23:17:26 - [MESSAGE][PASSED] - Browser is closed]]></system-out>
         <system-err><![CDATA[]]></system-err>
      </testcase>
      <testcase name="Test Cases/Login" time="6.522" classname="Test Cases/Login" status="PASSED">
         <system-out><![CDATA[26-03-2024T23:17:26 - [TEST_CASE][PASSED] - Test Cases/Login: Test Cases/Login

26-03-2024T23:17:26 - [TEST_STEP][PASSED] - openBrowser(""): Browser is opened with url: ''

26-03-2024T23:17:26 - [MESSAGE][INFO] - Starting 'Chrome' driver

26-03-2024T23:17:26 - [MESSAGE][INFO] - Action delay is set to 0 milliseconds

26-03-2024T23:17:28 - [MESSAGE][PASSED] - Browser is opened with url: ''

26-03-2024T23:17:28 - [TEST_STEP][PASSED] - navigateToUrl("https://www.saucedemo.com/"): Navigate to 'https://www.saucedemo.com/' successfully

26-03-2024T23:17:29 - [MESSAGE][PASSED] - Navigate to 'https://www.saucedemo.com/' successfully

26-03-2024T23:17:29 - [TEST_STEP][PASSED] - setText(findTestObject("Object Repository/Page_Swag Labs/input_Swag Labs_user-name"), username): Text 'standard_userr' is set on object 'Object Repository/Page_Swag Labs/input_Swag Labs_user-name'

26-03-2024T23:17:31 - [MESSAGE][PASSED] - Text 'standard_userr' is set on object 'Object Repository/Page_Swag Labs/input_Swag Labs_user-name'

26-03-2024T23:17:31 - [TEST_STEP][PASSED] - setText(findTestObject("Object Repository/Page_Swag Labs/input_Swag Labs_password"), password): Text 'secret_saucee' is set on object 'Object Repository/Page_Swag Labs/input_Swag Labs_password'

26-03-2024T23:17:32 - [MESSAGE][PASSED] - Text 'secret_saucee' is set on object 'Object Repository/Page_Swag Labs/input_Swag Labs_password'

26-03-2024T23:17:32 - [TEST_STEP][PASSED] - click(findTestObject("Object Repository/Page_Swag Labs/input_Swag Labs_login-button")): Object: 'Object Repository/Page_Swag Labs/input_Swag Labs_login-button' is clicked on

26-03-2024T23:17:33 - [MESSAGE][PASSED] - Object: 'Object Repository/Page_Swag Labs/input_Swag Labs_login-button' is clicked on

26-03-2024T23:17:33 - [TEST_STEP][PASSED] - closeBrowser(): Browser is closed

26-03-2024T23:17:33 - [MESSAGE][PASSED] - Browser is closed]]></system-out>
         <system-err><![CDATA[]]></system-err>
      </testcase>
      <testcase name="Test Cases/Login" time="7.478" classname="Test Cases/Login" status="PASSED">
         <system-out><![CDATA[26-03-2024T23:17:33 - [TEST_CASE][PASSED] - Test Cases/Login: Test Cases/Login

26-03-2024T23:17:33 - [TEST_STEP][PASSED] - openBrowser(""): Browser is opened with url: ''

26-03-2024T23:17:33 - [MESSAGE][INFO] - Starting 'Chrome' driver

26-03-2024T23:17:33 - [MESSAGE][INFO] - Action delay is set to 0 milliseconds

26-03-2024T23:17:35 - [MESSAGE][PASSED] - Browser is opened with url: ''

26-03-2024T23:17:35 - [TEST_STEP][PASSED] - navigateToUrl("https://www.saucedemo.com/"): Navigate to 'https://www.saucedemo.com/' successfully

26-03-2024T23:17:35 - [MESSAGE][PASSED] - Navigate to 'https://www.saucedemo.com/' successfully

26-03-2024T23:17:35 - [TEST_STEP][PASSED] - setText(findTestObject("Object Repository/Page_Swag Labs/input_Swag Labs_user-name"), username): Text 'standard_user' is set on object 'Object Repository/Page_Swag Labs/input_Swag Labs_user-name'

26-03-2024T23:17:38 - [MESSAGE][PASSED] - Text 'standard_user' is set on object 'Object Repository/Page_Swag Labs/input_Swag Labs_user-name'

26-03-2024T23:17:38 - [TEST_STEP][PASSED] - setText(findTestObject("Object Repository/Page_Swag Labs/input_Swag Labs_password"), password): Text 'secret_sauce' is set on object 'Object Repository/Page_Swag Labs/input_Swag Labs_password'

26-03-2024T23:17:39 - [MESSAGE][PASSED] - Text 'secret_sauce' is set on object 'Object Repository/Page_Swag Labs/input_Swag Labs_password'

26-03-2024T23:17:39 - [TEST_STEP][PASSED] - click(findTestObject("Object Repository/Page_Swag Labs/input_Swag Labs_login-button")): Object: 'Object Repository/Page_Swag Labs/input_Swag Labs_login-button' is clicked on

26-03-2024T23:17:40 - [MESSAGE][PASSED] - Object: 'Object Repository/Page_Swag Labs/input_Swag Labs_login-button' is clicked on

26-03-2024T23:17:40 - [TEST_STEP][PASSED] - closeBrowser(): Browser is closed

26-03-2024T23:17:40 - [MESSAGE][PASSED] - Browser is closed]]></system-out>
         <system-err><![CDATA[]]></system-err>
      </testcase>
      <system-out><![CDATA[26-03-2024T23:16:38 - [TEST_SUITE][PASSED] - LoginTestData: Test Cases/Login]]></system-out>
      <system-err><![CDATA[]]></system-err>
   </testsuite>
</testsuites>
